[37m[INFO ] 2023-05-14 21:51:40.651 [main] Version - WELD-000900: 5.0.1 (Final)
[m[37m[INFO ] 2023-05-14 21:51:40.801 [main] Bootstrap - WELD-ENV-000020: Using jandex for bean discovery
[m[37m[INFO ] 2023-05-14 21:51:40.965 [main] Bootstrap - WELD-000101: Transactional services not available. Injection of @Inject UserTransaction not available. Transactional observers will be invoked synchronously.
[m[37m[INFO ] 2023-05-14 21:51:41.571 [main] Bootstrap - WELD-ENV-002003: Weld SE container 27bc42d1-613b-4919-8373-c9e1018fe141 initialized
[m[37m[INFO ] 2023-05-14 21:51:41.660 [main] LogHelper - HHH000204: Processing PersistenceUnitInfo [name: MySQL-localhost-marktplaats]
[m[37m[INFO ] 2023-05-14 21:51:41.692 [main] Version - HHH000412: Hibernate ORM core version 6.1.3.Final
[m[37m[INFO ] 2023-05-14 21:51:41.867 [main] beans - HHH10005002: No explicit CDI BeanManager reference was passed to Hibernate, but CDI is available on the Hibernate ClassLoader.
[m[33;1m[WARN ] 2023-05-14 21:51:42.005 [main] pooling - HHH10001002: Using built-in connection pool (not intended for production use)
[m[37m[INFO ] 2023-05-14 21:51:42.028 [main] pooling - HHH10001005: Loaded JDBC driver class: com.mysql.cj.jdbc.Driver
[m[37m[INFO ] 2023-05-14 21:51:42.028 [main] pooling - HHH10001012: Connecting with JDBC URL [jdbc:mysql://localhost:3306/marktplaats]
[m[37m[INFO ] 2023-05-14 21:51:42.028 [main] pooling - HHH10001001: Connection properties: {password=****, user=root}
[m[37m[INFO ] 2023-05-14 21:51:42.028 [main] pooling - HHH10001003: Autocommit mode: false
[m[37m[INFO ] 2023-05-14 21:51:42.034 [main] pooling - HHH10001115: Connection pool size: 20 (min=1)
[m[37m[INFO ] 2023-05-14 21:51:42.455 [main] SQL dialect - HHH000400: Using dialect: org.hibernate.dialect.MySQLDialect
[m[32;1m[DEBUG] 2023-05-14 21:51:42.489 [main] DdlTypeRegistry - addDescriptor(12, org.hibernate.type.descriptor.sql.internal.CapacityDependentDdlType@f3560d4) replaced previous registration(org.hibernate.type.descriptor.sql.internal.CapacityDependentDdlType@3ba3d4b6)
[m[32;1m[DEBUG] 2023-05-14 21:51:42.489 [main] DdlTypeRegistry - addDescriptor(-9, org.hibernate.type.descriptor.sql.internal.CapacityDependentDdlType@51b77cdf) replaced previous registration(org.hibernate.type.descriptor.sql.internal.CapacityDependentDdlType@441fbe89)
[m[32;1m[DEBUG] 2023-05-14 21:51:42.489 [main] DdlTypeRegistry - addDescriptor(-3, org.hibernate.type.descriptor.sql.internal.CapacityDependentDdlType@6088451e) replaced previous registration(org.hibernate.type.descriptor.sql.internal.CapacityDependentDdlType@45ab3bdd)
[m[32;1m[DEBUG] 2023-05-14 21:51:42.491 [main] DdlTypeRegistry - addDescriptor(4003, org.hibernate.type.descriptor.sql.internal.DdlTypeImpl@2f10f633) replaced previous registration(org.hibernate.type.descriptor.sql.internal.DdlTypeImpl@1642eeae)
[m[32;1m[DEBUG] 2023-05-14 21:51:42.491 [main] DdlTypeRegistry - addDescriptor(4001, org.hibernate.type.descriptor.sql.internal.DdlTypeImpl@3440e9cd) replaced previous registration(org.hibernate.type.descriptor.sql.internal.DdlTypeImpl@28a9494b)
[m[32;1m[DEBUG] 2023-05-14 21:51:42.492 [main] DdlTypeRegistry - addDescriptor(4002, org.hibernate.type.descriptor.sql.internal.DdlTypeImpl@a09303) replaced previous registration(org.hibernate.type.descriptor.sql.internal.DdlTypeImpl@1163a27)
[m[32;1m[DEBUG] 2023-05-14 21:51:42.492 [main] DdlTypeRegistry - addDescriptor(2004, org.hibernate.type.descriptor.sql.internal.CapacityDependentDdlType@322ba549) replaced previous registration(org.hibernate.type.descriptor.sql.internal.DdlTypeImpl@502a4156)
[m[32;1m[DEBUG] 2023-05-14 21:51:42.492 [main] DdlTypeRegistry - addDescriptor(2005, org.hibernate.type.descriptor.sql.internal.CapacityDependentDdlType@5416f8db) replaced previous registration(org.hibernate.type.descriptor.sql.internal.DdlTypeImpl@64e1377c)
[m[32;1m[DEBUG] 2023-05-14 21:51:42.492 [main] DdlTypeRegistry - addDescriptor(2011, org.hibernate.type.descriptor.sql.internal.CapacityDependentDdlType@b0fd744) replaced previous registration(org.hibernate.type.descriptor.sql.internal.DdlTypeImpl@92d1782)
[m[37m[INFO ] 2023-05-14 21:51:43.300 [main] access - HHH10001501: Connection obtained from JdbcConnectionAccess [org.hibernate.engine.jdbc.env.internal.JdbcEnvironmentInitiator$ConnectionProviderJdbcConnectionAccess@353b0719] for (non-JTA) DDL execution was not in auto-commit mode; the Connection 'local transaction' will be committed and the Connection will be set into auto-commit mode.
[m[37m[INFO ] 2023-05-14 21:51:43.370 [main] access - HHH10001501: Connection obtained from JdbcConnectionAccess [org.hibernate.engine.jdbc.env.internal.JdbcEnvironmentInitiator$ConnectionProviderJdbcConnectionAccess@323e026d] for (non-JTA) DDL execution was not in auto-commit mode; the Connection 'local transaction' will be committed and the Connection will be set into auto-commit mode.
[m[37m[INFO ] 2023-05-14 21:51:43.465 [main] SchemaCreatorImpl - HHH000476: Executing import script 'file:/Users/bresd00/Documents/repo_derk/case_1_console/target/classes/META-INF/insertDummies.sql'
[m[37m[INFO ] 2023-05-14 21:51:43.528 [main] JtaPlatformInitiator - HHH000490: Using JtaPlatform implementation: [org.hibernate.engine.transaction.jta.platform.internal.NoJtaPlatform]
[m[37m[INFO ] 2023-05-14 21:51:43.593 [main] LogHelper - HHH000204: Processing PersistenceUnitInfo [name: MySQL-localhost-marktplaats]
[m[37m[INFO ] 2023-05-14 21:51:43.601 [main] beans - HHH10005002: No explicit CDI BeanManager reference was passed to Hibernate, but CDI is available on the Hibernate ClassLoader.
[m[33;1m[WARN ] 2023-05-14 21:51:43.642 [main] pooling - HHH10001002: Using built-in connection pool (not intended for production use)
[m[37m[INFO ] 2023-05-14 21:51:43.643 [main] pooling - HHH10001005: Loaded JDBC driver class: com.mysql.cj.jdbc.Driver
[m[37m[INFO ] 2023-05-14 21:51:43.644 [main] pooling - HHH10001012: Connecting with JDBC URL [jdbc:mysql://localhost:3306/marktplaats]
[m[37m[INFO ] 2023-05-14 21:51:43.644 [main] pooling - HHH10001001: Connection properties: {password=****, user=root}
[m[37m[INFO ] 2023-05-14 21:51:43.644 [main] pooling - HHH10001003: Autocommit mode: false
[m[37m[INFO ] 2023-05-14 21:51:43.645 [main] pooling - HHH10001115: Connection pool size: 20 (min=1)
[m[37m[INFO ] 2023-05-14 21:51:43.726 [main] SQL dialect - HHH000400: Using dialect: org.hibernate.dialect.MySQLDialect
[m[32;1m[DEBUG] 2023-05-14 21:51:43.731 [main] DdlTypeRegistry - addDescriptor(12, org.hibernate.type.descriptor.sql.internal.CapacityDependentDdlType@7d7b4e04) replaced previous registration(org.hibernate.type.descriptor.sql.internal.CapacityDependentDdlType@144e36ae)
[m[32;1m[DEBUG] 2023-05-14 21:51:43.731 [main] DdlTypeRegistry - addDescriptor(-9, org.hibernate.type.descriptor.sql.internal.CapacityDependentDdlType@24615687) replaced previous registration(org.hibernate.type.descriptor.sql.internal.CapacityDependentDdlType@58636b50)
[m[32;1m[DEBUG] 2023-05-14 21:51:43.731 [main] DdlTypeRegistry - addDescriptor(-3, org.hibernate.type.descriptor.sql.internal.CapacityDependentDdlType@7f4f1536) replaced previous registration(org.hibernate.type.descriptor.sql.internal.CapacityDependentDdlType@1ad1b737)
[m[32;1m[DEBUG] 2023-05-14 21:51:43.731 [main] DdlTypeRegistry - addDescriptor(4003, org.hibernate.type.descriptor.sql.internal.DdlTypeImpl@342a1f84) replaced previous registration(org.hibernate.type.descriptor.sql.internal.DdlTypeImpl@77d0dbba)
[m[32;1m[DEBUG] 2023-05-14 21:51:43.732 [main] DdlTypeRegistry - addDescriptor(4001, org.hibernate.type.descriptor.sql.internal.DdlTypeImpl@70b196d3) replaced previous registration(org.hibernate.type.descriptor.sql.internal.DdlTypeImpl@67ceeffd)
[m[32;1m[DEBUG] 2023-05-14 21:51:43.732 [main] DdlTypeRegistry - addDescriptor(4002, org.hibernate.type.descriptor.sql.internal.DdlTypeImpl@3fc1abf) replaced previous registration(org.hibernate.type.descriptor.sql.internal.DdlTypeImpl@72001c71)
[m[32;1m[DEBUG] 2023-05-14 21:51:43.732 [main] DdlTypeRegistry - addDescriptor(2004, org.hibernate.type.descriptor.sql.internal.CapacityDependentDdlType@e7b0bec) replaced previous registration(org.hibernate.type.descriptor.sql.internal.DdlTypeImpl@1e5aacd9)
[m[32;1m[DEBUG] 2023-05-14 21:51:43.732 [main] DdlTypeRegistry - addDescriptor(2005, org.hibernate.type.descriptor.sql.internal.CapacityDependentDdlType@7d90644f) replaced previous registration(org.hibernate.type.descriptor.sql.internal.DdlTypeImpl@f810c18)
[m[32;1m[DEBUG] 2023-05-14 21:51:43.732 [main] DdlTypeRegistry - addDescriptor(2011, org.hibernate.type.descriptor.sql.internal.CapacityDependentDdlType@59f3426f) replaced previous registration(org.hibernate.type.descriptor.sql.internal.DdlTypeImpl@120411ec)
[m[37m[INFO ] 2023-05-14 21:51:43.908 [main] access - HHH10001501: Connection obtained from JdbcConnectionAccess [org.hibernate.engine.jdbc.env.internal.JdbcEnvironmentInitiator$ConnectionProviderJdbcConnectionAccess@aee05f4] for (non-JTA) DDL execution was not in auto-commit mode; the Connection 'local transaction' will be committed and the Connection will be set into auto-commit mode.
[m[37m[INFO ] 2023-05-14 21:51:43.958 [main] access - HHH10001501: Connection obtained from JdbcConnectionAccess [org.hibernate.engine.jdbc.env.internal.JdbcEnvironmentInitiator$ConnectionProviderJdbcConnectionAccess@794d28a3] for (non-JTA) DDL execution was not in auto-commit mode; the Connection 'local transaction' will be committed and the Connection will be set into auto-commit mode.
[m[37m[INFO ] 2023-05-14 21:51:44.033 [main] SchemaCreatorImpl - HHH000476: Executing import script 'file:/Users/bresd00/Documents/repo_derk/case_1_console/target/classes/META-INF/insertDummies.sql'
[m[37m[INFO ] 2023-05-14 21:51:44.071 [main] JtaPlatformInitiator - HHH000490: Using JtaPlatform implementation: [org.hibernate.engine.transaction.jta.platform.internal.NoJtaPlatform]
[m[37m[INFO ] 2023-05-14 21:51:44.084 [main] LogHelper - HHH000204: Processing PersistenceUnitInfo [name: MySQL-localhost-marktplaats]
[m[37m[INFO ] 2023-05-14 21:51:44.086 [main] beans - HHH10005002: No explicit CDI BeanManager reference was passed to Hibernate, but CDI is available on the Hibernate ClassLoader.
[m[33;1m[WARN ] 2023-05-14 21:51:44.117 [main] pooling - HHH10001002: Using built-in connection pool (not intended for production use)
[m[37m[INFO ] 2023-05-14 21:51:44.118 [main] pooling - HHH10001005: Loaded JDBC driver class: com.mysql.cj.jdbc.Driver
[m[37m[INFO ] 2023-05-14 21:51:44.118 [main] pooling - HHH10001012: Connecting with JDBC URL [jdbc:mysql://localhost:3306/marktplaats]
[m[37m[INFO ] 2023-05-14 21:51:44.118 [main] pooling - HHH10001001: Connection properties: {password=****, user=root}
[m[37m[INFO ] 2023-05-14 21:51:44.118 [main] pooling - HHH10001003: Autocommit mode: false
[m[37m[INFO ] 2023-05-14 21:51:44.118 [main] pooling - HHH10001115: Connection pool size: 20 (min=1)
[m[37m[INFO ] 2023-05-14 21:51:44.178 [main] SQL dialect - HHH000400: Using dialect: org.hibernate.dialect.MySQLDialect
[m[32;1m[DEBUG] 2023-05-14 21:51:44.184 [main] DdlTypeRegistry - addDescriptor(12, org.hibernate.type.descriptor.sql.internal.CapacityDependentDdlType@738a39cc) replaced previous registration(org.hibernate.type.descriptor.sql.internal.CapacityDependentDdlType@42e202d7)
[m[32;1m[DEBUG] 2023-05-14 21:51:44.184 [main] DdlTypeRegistry - addDescriptor(-9, org.hibernate.type.descriptor.sql.internal.CapacityDependentDdlType@38e7860c) replaced previous registration(org.hibernate.type.descriptor.sql.internal.CapacityDependentDdlType@62158991)
[m[32;1m[DEBUG] 2023-05-14 21:51:44.185 [main] DdlTypeRegistry - addDescriptor(-3, org.hibernate.type.descriptor.sql.internal.CapacityDependentDdlType@40738846) replaced previous registration(org.hibernate.type.descriptor.sql.internal.CapacityDependentDdlType@1255de25)
[m[32;1m[DEBUG] 2023-05-14 21:51:44.185 [main] DdlTypeRegistry - addDescriptor(4003, org.hibernate.type.descriptor.sql.internal.DdlTypeImpl@1686ed85) replaced previous registration(org.hibernate.type.descriptor.sql.internal.DdlTypeImpl@5891b7c5)
[m[32;1m[DEBUG] 2023-05-14 21:51:44.185 [main] DdlTypeRegistry - addDescriptor(4001, org.hibernate.type.descriptor.sql.internal.DdlTypeImpl@4fc3529) replaced previous registration(org.hibernate.type.descriptor.sql.internal.DdlTypeImpl@38e46765)
[m[32;1m[DEBUG] 2023-05-14 21:51:44.185 [main] DdlTypeRegistry - addDescriptor(4002, org.hibernate.type.descriptor.sql.internal.DdlTypeImpl@192f5f39) replaced previous registration(org.hibernate.type.descriptor.sql.internal.DdlTypeImpl@4cd5fc46)
[m[32;1m[DEBUG] 2023-05-14 21:51:44.185 [main] DdlTypeRegistry - addDescriptor(2004, org.hibernate.type.descriptor.sql.internal.CapacityDependentDdlType@2965dd88) replaced previous registration(org.hibernate.type.descriptor.sql.internal.DdlTypeImpl@3221588e)
[m[32;1m[DEBUG] 2023-05-14 21:51:44.185 [main] DdlTypeRegistry - addDescriptor(2005, org.hibernate.type.descriptor.sql.internal.CapacityDependentDdlType@51141f64) replaced previous registration(org.hibernate.type.descriptor.sql.internal.DdlTypeImpl@32c0fecc)
[m[32;1m[DEBUG] 2023-05-14 21:51:44.185 [main] DdlTypeRegistry - addDescriptor(2011, org.hibernate.type.descriptor.sql.internal.CapacityDependentDdlType@35ceec81) replaced previous registration(org.hibernate.type.descriptor.sql.internal.DdlTypeImpl@d13379e)
[m[37m[INFO ] 2023-05-14 21:51:44.358 [main] access - HHH10001501: Connection obtained from JdbcConnectionAccess [org.hibernate.engine.jdbc.env.internal.JdbcEnvironmentInitiator$ConnectionProviderJdbcConnectionAccess@4407b042] for (non-JTA) DDL execution was not in auto-commit mode; the Connection 'local transaction' will be committed and the Connection will be set into auto-commit mode.
[m[37m[INFO ] 2023-05-14 21:51:44.439 [main] access - HHH10001501: Connection obtained from JdbcConnectionAccess [org.hibernate.engine.jdbc.env.internal.JdbcEnvironmentInitiator$ConnectionProviderJdbcConnectionAccess@3dded90a] for (non-JTA) DDL execution was not in auto-commit mode; the Connection 'local transaction' will be committed and the Connection will be set into auto-commit mode.
[m[37m[INFO ] 2023-05-14 21:51:44.516 [main] SchemaCreatorImpl - HHH000476: Executing import script 'file:/Users/bresd00/Documents/repo_derk/case_1_console/target/classes/META-INF/insertDummies.sql'
[m[37m[INFO ] 2023-05-14 21:51:44.568 [main] JtaPlatformInitiator - HHH000490: Using JtaPlatform implementation: [org.hibernate.engine.transaction.jta.platform.internal.NoJtaPlatform]
[m[37m[INFO ] 2023-05-14 21:51:44.581 [main] LogHelper - HHH000204: Processing PersistenceUnitInfo [name: MySQL-localhost-marktplaats]
[m[37m[INFO ] 2023-05-14 21:51:44.584 [main] beans - HHH10005002: No explicit CDI BeanManager reference was passed to Hibernate, but CDI is available on the Hibernate ClassLoader.
[m[33;1m[WARN ] 2023-05-14 21:51:44.632 [main] pooling - HHH10001002: Using built-in connection pool (not intended for production use)
[m[37m[INFO ] 2023-05-14 21:51:44.632 [main] pooling - HHH10001005: Loaded JDBC driver class: com.mysql.cj.jdbc.Driver
[m[37m[INFO ] 2023-05-14 21:51:44.632 [main] pooling - HHH10001012: Connecting with JDBC URL [jdbc:mysql://localhost:3306/marktplaats]
[m[37m[INFO ] 2023-05-14 21:51:44.632 [main] pooling - HHH10001001: Connection properties: {password=****, user=root}
[m[37m[INFO ] 2023-05-14 21:51:44.633 [main] pooling - HHH10001003: Autocommit mode: false
[m[37m[INFO ] 2023-05-14 21:51:44.633 [main] pooling - HHH10001115: Connection pool size: 20 (min=1)
[m[37m[INFO ] 2023-05-14 21:51:44.675 [main] SQL dialect - HHH000400: Using dialect: org.hibernate.dialect.MySQLDialect
[m[32;1m[DEBUG] 2023-05-14 21:51:44.677 [main] DdlTypeRegistry - addDescriptor(12, org.hibernate.type.descriptor.sql.internal.CapacityDependentDdlType@2047adea) replaced previous registration(org.hibernate.type.descriptor.sql.internal.CapacityDependentDdlType@5af40e45)
[m[32;1m[DEBUG] 2023-05-14 21:51:44.677 [main] DdlTypeRegistry - addDescriptor(-9, org.hibernate.type.descriptor.sql.internal.CapacityDependentDdlType@1a06602f) replaced previous registration(org.hibernate.type.descriptor.sql.internal.CapacityDependentDdlType@46591e98)
[m[32;1m[DEBUG] 2023-05-14 21:51:44.677 [main] DdlTypeRegistry - addDescriptor(-3, org.hibernate.type.descriptor.sql.internal.CapacityDependentDdlType@5b6cc344) replaced previous registration(org.hibernate.type.descriptor.sql.internal.CapacityDependentDdlType@2110684a)
[m[32;1m[DEBUG] 2023-05-14 21:51:44.677 [main] DdlTypeRegistry - addDescriptor(4003, org.hibernate.type.descriptor.sql.internal.DdlTypeImpl@83e635f) replaced previous registration(org.hibernate.type.descriptor.sql.internal.DdlTypeImpl@61d011e)
[m[32;1m[DEBUG] 2023-05-14 21:51:44.678 [main] DdlTypeRegistry - addDescriptor(4001, org.hibernate.type.descriptor.sql.internal.DdlTypeImpl@3b56947a) replaced previous registration(org.hibernate.type.descriptor.sql.internal.DdlTypeImpl@1926f962)
[m[32;1m[DEBUG] 2023-05-14 21:51:44.678 [main] DdlTypeRegistry - addDescriptor(4002, org.hibernate.type.descriptor.sql.internal.DdlTypeImpl@62794582) replaced previous registration(org.hibernate.type.descriptor.sql.internal.DdlTypeImpl@c82ad22)
[m[32;1m[DEBUG] 2023-05-14 21:51:44.678 [main] DdlTypeRegistry - addDescriptor(2004, org.hibernate.type.descriptor.sql.internal.CapacityDependentDdlType@3f80d8c) replaced previous registration(org.hibernate.type.descriptor.sql.internal.DdlTypeImpl@2d3b0978)
[m[32;1m[DEBUG] 2023-05-14 21:51:44.678 [main] DdlTypeRegistry - addDescriptor(2005, org.hibernate.type.descriptor.sql.internal.CapacityDependentDdlType@5c60c08) replaced previous registration(org.hibernate.type.descriptor.sql.internal.DdlTypeImpl@1cb44a2f)
[m[32;1m[DEBUG] 2023-05-14 21:51:44.678 [main] DdlTypeRegistry - addDescriptor(2011, org.hibernate.type.descriptor.sql.internal.CapacityDependentDdlType@5fe3b058) replaced previous registration(org.hibernate.type.descriptor.sql.internal.DdlTypeImpl@2a661215)
[m[37m[INFO ] 2023-05-14 21:51:44.810 [main] access - HHH10001501: Connection obtained from JdbcConnectionAccess [org.hibernate.engine.jdbc.env.internal.JdbcEnvironmentInitiator$ConnectionProviderJdbcConnectionAccess@34695b23] for (non-JTA) DDL execution was not in auto-commit mode; the Connection 'local transaction' will be committed and the Connection will be set into auto-commit mode.
[m[37m[INFO ] 2023-05-14 21:51:44.874 [main] access - HHH10001501: Connection obtained from JdbcConnectionAccess [org.hibernate.engine.jdbc.env.internal.JdbcEnvironmentInitiator$ConnectionProviderJdbcConnectionAccess@6774f264] for (non-JTA) DDL execution was not in auto-commit mode; the Connection 'local transaction' will be committed and the Connection will be set into auto-commit mode.
[m[37m[INFO ] 2023-05-14 21:51:44.952 [main] SchemaCreatorImpl - HHH000476: Executing import script 'file:/Users/bresd00/Documents/repo_derk/case_1_console/target/classes/META-INF/insertDummies.sql'
[m[37m[INFO ] 2023-05-14 21:51:45.003 [main] JtaPlatformInitiator - HHH000490: Using JtaPlatform implementation: [org.hibernate.engine.transaction.jta.platform.internal.NoJtaPlatform]
[m